  [1m[35m (75.3ms)[0m  [1m[35mCREATE DATABASE "first_routes_development" ENCODING = 'unicode'[0m
  [1m[35m (59.5ms)[0m  [1m[35mCREATE DATABASE "first_routes_test" ENCODING = 'unicode'[0m
Started GET "/users" for ::1 at 2023-02-15 15:33:35 -0500
Processing by UsersController#index as */*
No template found for UsersController#index, rendering head :no_content
Completed 204 No Content in 1ms (ActiveRecord: 0.0ms | Allocations: 660)


Started GET "/users" for ::1 at 2023-02-15 15:34:30 -0500
Processing by UsersController#index as */*
  Rendering text template
  Rendered text template (Duration: 0.0ms | Allocations: 13)
Completed 200 OK in 7ms (Views: 7.0ms | ActiveRecord: 0.0ms | Allocations: 1329)


Started GET "/" for ::1 at 2023-02-15 15:36:02 -0500
Processing by Rails::WelcomeController#index as HTML
  Rendering /Users/sabrinawdesmond/.rbenv/versions/3.1.1/lib/ruby/gems/3.1.0/gems/railties-7.0.4.2/lib/rails/templates/rails/welcome/index.html.erb
  Rendered /Users/sabrinawdesmond/.rbenv/versions/3.1.1/lib/ruby/gems/3.1.0/gems/railties-7.0.4.2/lib/rails/templates/rails/welcome/index.html.erb (Duration: 1.4ms | Allocations: 528)
Completed 200 OK in 6ms (Views: 3.8ms | ActiveRecord: 0.0ms | Allocations: 2809)


Started GET "/users" for ::1 at 2023-02-15 15:36:07 -0500
Processing by UsersController#index as HTML
  Rendering text template
  Rendered text template (Duration: 0.1ms | Allocations: 10)
Completed 200 OK in 4ms (Views: 3.6ms | ActiveRecord: 0.0ms | Allocations: 578)


